<?xml version="1.0" encoding="UTF-8"?>
<!-- Generated by org.testng.reporters.JUnitReportReporter -->
<testsuite hostname="DESKTOP-1TQJI3A" failures="0" tests="1" name="Academy.validateNavBar" time="0.097" errors="0" timestamp="2022-08-15T12:01:26 IST" skipped="0">
  <testcase classname="Academy.validateNavBar" name="basePageNavigation" time="0.097"/>
  <system-out/>
</testsuite> <!-- Academy.validateNavBar -->
