<?xml version="1.0" encoding="UTF-8"?>
<!-- Generated by org.testng.reporters.JUnitReportReporter -->
<testsuite hostname="DESKTOP-1TQJI3A" failures="0" tests="2" name="Academy.HomePage" time="13.856" errors="0" timestamp="2022-08-15T12:01:26 IST" skipped="0">
  <testcase classname="Academy.HomePage" name="basePageNavigation" time="9.231"/>
  <system-out/>
  <testcase classname="Academy.HomePage" name="basePageNavigation" time="4.625"/>
  <system-out/>
</testsuite> <!-- Academy.HomePage -->
