<?xml version="1.0" encoding="UTF-8"?>
<!-- Generated by org.testng.reporters.JUnitReportReporter -->
<testsuite skipped="0" hostname="DESKTOP-1TQJI3A" name="Academy.validateNavBar" tests="1" failures="0" timestamp="2022-08-15T20:34:03 IST" time="0.218" errors="0">
  <testcase name="basePageNavigation" time="0.218" classname="Academy.validateNavBar"/>
  <system-out/>
</testsuite> <!-- Academy.validateNavBar -->
